[10:47:24] [main/INFO] (FabricLoader/GameProvider) Loading Minecraft 1.20.1 with Fabric Loader 0.14.21
[10:47:25] [main/INFO] (FabricLoader) Loading 46 mods:
	- fabric-api 0.83.1+1.20.1
	- fabric-api-base 0.4.29+b04edc7a77
	- fabric-api-lookup-api-v1 1.6.34+4d8536c977
	- fabric-biome-api-v1 13.0.10+b3afc78b77
	- fabric-block-api-v1 1.0.9+e022e5d177
	- fabric-blockrenderlayer-v1 1.1.39+b3afc78b77
	- fabric-client-tags-api-v1 1.0.20+b3afc78b77
	- fabric-command-api-v2 2.2.11+b3afc78b77
	- fabric-content-registries-v0 4.0.7+b3afc78b77
	- fabric-convention-tags-v1 1.5.3+b3afc78b77
	- fabric-crash-report-info-v1 0.2.18+aeb40ebe77
	- fabric-data-generation-api-v1 12.1.11+b3afc78b77
	- fabric-dimensions-v1 2.1.51+b3afc78b77
	- fabric-entity-events-v1 1.5.21+b3afc78b77
	- fabric-events-interaction-v0 0.6.0+b3afc78b77
	- fabric-game-rule-api-v1 1.0.38+b04edc7a77
	- fabric-gametest-api-v1 1.2.10+b3afc78b77
	- fabric-item-api-v1 2.1.26+b3afc78b77
	- fabric-item-group-api-v1 4.0.7+b3afc78b77
	- fabric-key-binding-api-v1 1.0.36+fb8d95da77
	- fabric-lifecycle-events-v1 2.2.20+b3afc78b77
	- fabric-loot-api-v2 1.1.37+b3afc78b77
	- fabric-message-api-v1 5.1.6+b3afc78b77
	- fabric-mining-level-api-v1 2.1.47+b3afc78b77
	- fabric-models-v0 0.3.35+b3afc78b77
	- fabric-networking-api-v1 1.3.8+b3afc78b77
	- fabric-object-builder-api-v1 11.0.6+b3afc78b77
	- fabric-particles-v1 1.0.28+b3afc78b77
	- fabric-recipe-api-v1 1.0.18+b3afc78b77
	- fabric-registry-sync-v0 2.2.6+b3afc78b77
	- fabric-renderer-api-v1 3.0.1+b3afc78b77
	- fabric-renderer-indigo 1.3.1+b3afc78b77
	- fabric-rendering-data-attachment-v1 0.3.33+b3afc78b77
	- fabric-rendering-fluids-v1 3.0.26+b3afc78b77
	- fabric-rendering-v1 3.0.6+b3afc78b77
	- fabric-resource-conditions-api-v1 2.3.5+ea08f9d877
	- fabric-resource-loader-v0 0.11.7+f7923f6d77
	- fabric-screen-api-v1 2.0.6+b3afc78b77
	- fabric-screen-handler-api-v1 1.3.27+b3afc78b77
	- fabric-sound-api-v1 1.0.12+b3afc78b77
	- fabric-transfer-api-v1 3.2.2+b3afc78b77
	- fabric-transitive-access-wideners-v1 4.2.0+b3afc78b77
	- fabricloader 0.14.21
	- java 17
	- k7a2rework 1.0.0
	- minecraft 1.20.1
[10:47:25] [main/INFO] (FabricLoader/Mixin) SpongePowered MIXIN Subsystem Version=0.8.5 Source=file:/home/masterlegendpvp/.mcreator/gradle/caches/modules-2/files-2.1/net.fabricmc/sponge-mixin/0.12.5+mixin.0.8.5/8d31fb97c3e0cd7c8dad3441851c523bcfae6d8e/sponge-mixin-0.12.5+mixin.0.8.5.jar Service=Knot/Fabric Env=CLIENT
[10:47:25] [main/INFO] (FabricLoader/Mixin) Loaded Fabric development mappings for mixin remapper!
[10:47:26] [main/INFO] (FabricLoader/Mixin) Compatibility level set to JAVA_16
[10:47:26] [main/INFO] (FabricLoader/Mixin) Compatibility level set to JAVA_17
[10:47:37] [Datafixer Bootstrap/INFO] (Minecraft) 188 Datafixer optimizations took 345 milliseconds
[10:47:40] [Render thread/INFO] (Minecraft) Environment: authHost='https://authserver.mojang.com', accountsHost='https://api.mojang.com', sessionHost='https://sessionserver.mojang.com', servicesHost='https://api.minecraftservices.com', name='PROD'
[10:47:41] [Render thread/ERROR] (Minecraft) Failed to verify authentication
com.mojang.authlib.exceptions.InvalidCredentialsException: Status: 401
	at com.mojang.authlib.exceptions.MinecraftClientHttpException.toAuthenticationException(MinecraftClientHttpException.java:56) ~[authlib-4.0.43.jar:?]
	at com.mojang.authlib.yggdrasil.YggdrasilUserApiService.fetchProperties(YggdrasilUserApiService.java:156) ~[authlib-4.0.43.jar:?]
	at com.mojang.authlib.yggdrasil.YggdrasilUserApiService.<init>(YggdrasilUserApiService.java:55) ~[authlib-4.0.43.jar:?]
	at com.mojang.authlib.yggdrasil.YggdrasilAuthenticationService.createUserApiService(YggdrasilAuthenticationService.java:124) ~[authlib-4.0.43.jar:?]
	at net.minecraft.client.Minecraft.createUserApiService(Minecraft.java:733) ~[minecraft-merged-e3791c0125-1.20.1-loom.mappings.1_20_1.layered+hash.2198-v2.jar:?]
	at net.minecraft.client.Minecraft.<init>(Minecraft.java:442) ~[minecraft-merged-e3791c0125-1.20.1-loom.mappings.1_20_1.layered+hash.2198-v2.jar:?]
	at net.minecraft.client.main.Main.main(Main.java:211) ~[minecraft-merged-e3791c0125-1.20.1-loom.mappings.1_20_1.layered+hash.2198-v2.jar:?]
	at net.fabricmc.loader.impl.game.minecraft.MinecraftGameProvider.launch(MinecraftGameProvider.java:468) ~[fabric-loader-0.14.21.jar:?]
	at net.fabricmc.loader.impl.launch.knot.Knot.launch(Knot.java:74) ~[fabric-loader-0.14.21.jar:?]
	at net.fabricmc.loader.impl.launch.knot.KnotClient.main(KnotClient.java:23) ~[fabric-loader-0.14.21.jar:?]
	at net.fabricmc.devlaunchinjector.Main.main(Main.java:86) ~[dev-launch-injector-0.2.1+build.8.jar:?]
Caused by: com.mojang.authlib.exceptions.MinecraftClientHttpException: Status: 401
	at com.mojang.authlib.minecraft.client.MinecraftClient.readInputStream(MinecraftClient.java:85) ~[authlib-4.0.43.jar:?]
	at com.mojang.authlib.minecraft.client.MinecraftClient.get(MinecraftClient.java:48) ~[authlib-4.0.43.jar:?]
	at com.mojang.authlib.yggdrasil.YggdrasilUserApiService.fetchProperties(YggdrasilUserApiService.java:129) ~[authlib-4.0.43.jar:?]
	... 9 more
[10:47:41] [Render thread/INFO] (Minecraft) Setting user: Player977
[10:47:42] [Render thread/INFO] (K7a2reworkMod) Initializing K7a2reworkMod
[10:47:42] [Render thread/INFO] (Indigo) [Indigo] Registering Indigo renderer!
[10:47:43] [Render thread/INFO] (Minecraft) Backend library: LWJGL version 3.3.1 SNAPSHOT
[10:47:45] [Render thread/INFO] (Minecraft) Reloading ResourceManager: vanilla, fabric (fabric-message-api-v1, fabric-api-base, fabric-screen-handler-api-v1, fabric-api, fabric-screen-api-v1, fabric-biome-api-v1, fabric-networking-api-v1, fabric-transfer-api-v1, fabric-data-generation-api-v1, fabric-rendering-v1, fabricloader, fabric-object-builder-api-v1, fabric-command-api-v2, fabric-client-tags-api-v1, k7a2rework, fabric-api-lookup-api-v1, fabric-crash-report-info-v1, fabric-resource-loader-v0, fabric-key-binding-api-v1, fabric-block-api-v1, fabric-item-api-v1, fabric-renderer-api-v1, fabric-game-rule-api-v1, fabric-particles-v1, fabric-lifecycle-events-v1, fabric-gametest-api-v1, fabric-loot-api-v2, fabric-recipe-api-v1, fabric-entity-events-v1, fabric-convention-tags-v1, fabric-registry-sync-v0, fabric-models-v0, fabric-rendering-fluids-v1, fabric-content-registries-v0, fabric-renderer-indigo, fabric-transitive-access-wideners-v1, fabric-item-group-api-v1, fabric-mining-level-api-v1, fabric-dimensions-v1, fabric-blockrenderlayer-v1, fabric-sound-api-v1, fabric-rendering-data-attachment-v1, fabric-events-interaction-v0, fabric-resource-conditions-api-v1)
[10:47:45] [Worker-Main-6/INFO] (Minecraft) Found unifont_all_no_pua-15.0.06.hex, loading
[10:47:45] [Realms Notification Availability checker #1/INFO] (Minecraft) Could not authorize you against Realms server: java.lang.RuntimeException: Failed to parse into SignedJWT: FabricMC
[10:47:46] [Worker-Main-2/WARN] (Minecraft) Texture k7a2rework:item/tntbow with size 225x225 limits mip level from 4 to 0
[10:47:46] [Worker-Main-2/WARN] (Minecraft) minecraft:textures/atlas/blocks.png: dropping miplevel from 4 to 0, because of minimum power of two: 1
[10:47:49] [Render thread/WARN] (Minecraft) Missing sound for event: minecraft:item.goat_horn.play
[10:47:49] [Render thread/WARN] (Minecraft) Missing sound for event: minecraft:entity.goat.screaming.horn_break
[10:47:49] [Render thread/INFO] (Minecraft) OpenAL initialized on device Built-in Audio Analog Stereo
[10:47:49] [Render thread/INFO] (Minecraft) Sound engine started
[10:47:49] [Render thread/INFO] (Minecraft) Created: 4096x2048x0 minecraft:textures/atlas/blocks.png-atlas
[10:47:49] [Render thread/INFO] (Minecraft) Created: 256x256x4 minecraft:textures/atlas/signs.png-atlas
[10:47:49] [Render thread/INFO] (Minecraft) Created: 512x512x4 minecraft:textures/atlas/banner_patterns.png-atlas
[10:47:49] [Render thread/INFO] (Minecraft) Created: 512x512x4 minecraft:textures/atlas/shield_patterns.png-atlas
[10:47:49] [Render thread/INFO] (Minecraft) Created: 1024x1024x4 minecraft:textures/atlas/armor_trims.png-atlas
[10:47:49] [Render thread/INFO] (Minecraft) Created: 256x256x4 minecraft:textures/atlas/chest.png-atlas
[10:47:49] [Render thread/INFO] (Minecraft) Created: 128x64x4 minecraft:textures/atlas/decorated_pot.png-atlas
[10:47:49] [Render thread/INFO] (Minecraft) Created: 512x256x4 minecraft:textures/atlas/beds.png-atlas
[10:47:49] [Render thread/INFO] (Minecraft) Created: 512x256x4 minecraft:textures/atlas/shulker_boxes.png-atlas
[10:47:50] [Render thread/WARN] (Minecraft) Shader rendertype_entity_translucent_emissive could not find sampler named Sampler2 in the specified shader program.
[10:47:50] [Render thread/INFO] (Minecraft) Created: 256x256x0 minecraft:textures/atlas/particles.png-atlas
[10:47:50] [Render thread/INFO] (Minecraft) Created: 256x256x0 minecraft:textures/atlas/paintings.png-atlas
[10:47:50] [Render thread/INFO] (Minecraft) Created: 256x128x0 minecraft:textures/atlas/mob_effects.png-atlas
[10:48:16] [Render thread/WARN] (Minecraft) Found loot table element validation problem in {loot_tables:k7a2rework:chests/k_7_a_2_class_rubbish}.pools[2].entries[0].functions[1]: Parameters [<parameter minecraft:tool>] are not provided in this context
[10:48:16] [Render thread/WARN] (Minecraft) Found loot table element validation problem in {loot_tables:k7a2rework:chests/k_7_a_2_class_rubbish}.pools[3].entries[0].functions[1]: Parameters [<parameter minecraft:tool>] are not provided in this context
[10:48:16] [Render thread/INFO] (Minecraft) Loaded 7 recipes
[10:48:16] [Render thread/INFO] (Minecraft) Loaded 1281 advancements
[10:48:19] [Render thread/WARN] (Minecraft) Found loot table element validation problem in {loot_tables:k7a2rework:chests/k_7_a_2_class_rubbish}.pools[2].entries[0].functions[1]: Parameters [<parameter minecraft:tool>] are not provided in this context
[10:48:19] [Render thread/WARN] (Minecraft) Found loot table element validation problem in {loot_tables:k7a2rework:chests/k_7_a_2_class_rubbish}.pools[3].entries[0].functions[1]: Parameters [<parameter minecraft:tool>] are not provided in this context
[10:48:19] [Render thread/INFO] (Minecraft) Loaded 7 recipes
[10:48:19] [Render thread/INFO] (Minecraft) Loaded 1281 advancements
[10:48:21] [Render thread/INFO] (BiomeModificationImpl) Applied 195 biome modifications to 65 of 65 new biomes in 21.70 ms
[10:48:21] [Server thread/INFO] (Minecraft) Starting integrated minecraft server version 1.20.1
[10:48:21] [Server thread/INFO] (Minecraft) Generating keypair
[10:48:26] [Server thread/INFO] (Minecraft) Preparing start region for dimension minecraft:overworld
[10:48:32] [Render thread/INFO] (Minecraft) Preparing spawn area: 0%
[10:48:32] [Render thread/INFO] (Minecraft) Preparing spawn area: 0%
[10:48:32] [Render thread/INFO] (Minecraft) Preparing spawn area: 0%
[10:48:32] [Render thread/INFO] (Minecraft) Preparing spawn area: 0%
[10:48:32] [Render thread/INFO] (Minecraft) Preparing spawn area: 0%
[10:48:32] [Render thread/INFO] (Minecraft) Preparing spawn area: 0%
[10:48:32] [Render thread/INFO] (Minecraft) Preparing spawn area: 0%
[10:48:32] [Render thread/INFO] (Minecraft) Preparing spawn area: 0%
[10:48:32] [Render thread/INFO] (Minecraft) Preparing spawn area: 0%
[10:48:32] [Render thread/INFO] (Minecraft) Preparing spawn area: 0%
[10:48:32] [Render thread/INFO] (Minecraft) Preparing spawn area: 0%
[10:48:32] [Render thread/INFO] (Minecraft) Preparing spawn area: 0%
[10:48:32] [Render thread/INFO] (Minecraft) Preparing spawn area: 0%
[10:48:32] [Render thread/INFO] (Minecraft) Preparing spawn area: 0%
[10:48:33] [Render thread/INFO] (Minecraft) Preparing spawn area: 11%
[10:48:33] [Render thread/INFO] (Minecraft) Preparing spawn area: 22%
[10:48:34] [Render thread/INFO] (Minecraft) Preparing spawn area: 65%
[10:48:34] [Render thread/INFO] (Minecraft) Time elapsed: 8487 ms
[10:48:35] [Server thread/INFO] (Minecraft) Changing view distance to 2, from 10
[10:48:35] [Server thread/INFO] (Minecraft) Changing simulation distance to 5, from 0
[10:48:37] [Server thread/INFO] (Minecraft) Player977[local:E:d75e91c4] logged in with entity id 246 at (-3.469874682620905, 113.61329450632569, 10.943863458274125)
[10:48:37] [Server thread/INFO] (Minecraft) Player977 joined the game
[10:48:37] [Server thread/INFO] (Minecraft) Player977 has made the advancement [Diamonds!]
[10:48:37] [Server thread/WARN] (Minecraft) Can't keep up! Is the server overloaded? Running 2037ms or 40 ticks behind
[10:48:37] [Render thread/INFO] (Minecraft) [System] [CHAT] Player977 has made the advancement [Diamonds!]
[10:48:38] [Render thread/INFO] (Minecraft) Loaded 23 advancements
[10:48:41] [Render thread/INFO] (Minecraft) Loaded 25 advancements
[10:48:53] [Render thread/INFO] (Minecraft) Loaded 27 advancements
[10:48:54] [Render thread/INFO] (Minecraft) Loaded 28 advancements
[10:49:06] [Server thread/INFO] (Minecraft) Saving and pausing game...
[10:49:06] [Server thread/INFO] (Minecraft) Saving chunks for level 'ServerLevel[gen2]'/minecraft:overworld
[10:49:06] [Server thread/INFO] (Minecraft) Saving chunks for level 'ServerLevel[gen2]'/minecraft:the_nether
[10:49:06] [Server thread/INFO] (Minecraft) Saving chunks for level 'ServerLevel[gen2]'/minecraft:the_end
[10:49:07] [Server thread/INFO] (Minecraft) Player977 lost connection: Disconnected
[10:49:07] [Server thread/INFO] (Minecraft) Player977 left the game
[10:49:07] [Server thread/INFO] (Minecraft) Stopping singleplayer server as player logged out
[10:49:07] [Server thread/INFO] (Minecraft) Stopping server
[10:49:07] [Server thread/INFO] (Minecraft) Saving players
[10:49:07] [Server thread/INFO] (Minecraft) Saving worlds
[10:49:10] [Server thread/INFO] (Minecraft) Saving chunks for level 'ServerLevel[gen2]'/minecraft:overworld
[10:49:11] [Server thread/INFO] (Minecraft) Saving chunks for level 'ServerLevel[gen2]'/minecraft:the_nether
[10:49:11] [Server thread/INFO] (Minecraft) Saving chunks for level 'ServerLevel[gen2]'/minecraft:the_end
[10:49:12] [Server thread/INFO] (Minecraft) ThreadedAnvilChunkStorage (gen2): All chunks are saved
[10:49:12] [Server thread/INFO] (Minecraft) ThreadedAnvilChunkStorage (DIM-1): All chunks are saved
[10:49:12] [Server thread/INFO] (Minecraft) ThreadedAnvilChunkStorage (DIM1): All chunks are saved
[10:49:12] [Server thread/INFO] (Minecraft) ThreadedAnvilChunkStorage: All dimensions are saved
